[2025-10-23T15:46:44.450Z] WARN: POST /auth/signup 400
[2025-10-23T15:56:46.982Z] INFO: POST /product/68fa503ecc7934e38c747aad/review 201
[2025-10-23T15:56:47.208Z] WARN: POST /product/68fa503ecc7934e38c747aad/review 403
[2025-10-23T15:56:47.620Z] WARN: POST /product/68fa503ecc7934e38c747aad/review 409
[2025-10-23T15:56:47.684Z] WARN: POST /product/68fa503ecc7934e38c747aad/review 401
[2025-10-23T15:56:47.855Z] WARN: POST /product/68fa503ecc7934e38c747aad/review 400
[2025-10-23T15:56:48.048Z] INFO: GET /product/68fa503ecc7934e38c747aad/review 200
[2025-10-23T15:56:48.213Z] WARN: GET /product/68fa5040cc7934e38c747ace/review 404
[2025-10-23T15:56:48.537Z] INFO: PUT /product/68fa503ecc7934e38c747aad/review/68fa5040cc7934e38c747ad3 200
[2025-10-23T15:56:48.819Z] WARN: PUT /product/68fa503ecc7934e38c747aad/review/68fa5040cc7934e38c747ad8 403
[2025-10-23T15:56:48.948Z] WARN: PUT /product/68fa503ecc7934e38c747aad/review/68fa5040cc7934e38c747add 401
[2025-10-23T15:56:49.322Z] INFO: DELETE /product/68fa503ecc7934e38c747aad/review/68fa5041cc7934e38c747ae0 200
[2025-10-23T15:56:49.670Z] WARN: DELETE /product/68fa503ecc7934e38c747aad/review/68fa5041cc7934e38c747ae7 403
[2025-10-23T15:56:49.984Z] INFO: DELETE /product/68fa503ecc7934e38c747aad/review/68fa5041cc7934e38c747aec 200
[2025-10-23T15:56:50.110Z] WARN: DELETE /product/68fa503ecc7934e38c747aad/review/68fa5041cc7934e38c747aec 400
[2025-10-23T15:56:50.454Z] INFO: PUT /product/review/68fa5042cc7934e38c747af4 200
[2025-10-23T15:56:50.712Z] WARN: PUT /product/review/68fa5042cc7934e38c747afb 404
[2025-10-23T15:56:51.042Z] INFO: DELETE /product/review/68fa5042cc7934e38c747aff 200
[2025-10-23T15:56:51.333Z] WARN: DELETE /product/review/68fa5043cc7934e38c747b08 404
[2025-10-23T15:56:51.625Z] INFO: DELETE /product/review/68fa5043cc7934e38c747b0c 200
[2025-10-23T15:56:51.747Z] WARN: DELETE /product/review/68fa5043cc7934e38c747b0c 400
[2025-10-23T15:57:51.359Z] INFO: POST /product/68fa507e3c7e68efc232a141/review 201
[2025-10-23T15:57:51.618Z] WARN: POST /product/68fa507e3c7e68efc232a141/review 403
[2025-10-23T15:57:52.011Z] WARN: POST /product/68fa507e3c7e68efc232a141/review 409
[2025-10-23T15:57:52.082Z] WARN: POST /product/68fa507e3c7e68efc232a141/review 401
[2025-10-23T15:57:52.208Z] WARN: POST /product/68fa507e3c7e68efc232a141/review 400
[2025-10-23T15:57:52.398Z] INFO: GET /product/68fa507e3c7e68efc232a141/review 200
[2025-10-23T15:57:52.530Z] WARN: GET /product/68fa50803c7e68efc232a162/review 404
[2025-10-23T15:57:52.846Z] INFO: PUT /product/68fa507e3c7e68efc232a141/review/68fa50803c7e68efc232a167 200
[2025-10-23T15:57:53.101Z] WARN: PUT /product/68fa507e3c7e68efc232a141/review/68fa50803c7e68efc232a16c 403
[2025-10-23T15:57:53.229Z] WARN: PUT /product/68fa507e3c7e68efc232a141/review/68fa50813c7e68efc232a171 401
[2025-10-23T15:57:53.527Z] INFO: DELETE /product/68fa507e3c7e68efc232a141/review/68fa50813c7e68efc232a174 200
[2025-10-23T15:57:53.817Z] WARN: DELETE /product/68fa507e3c7e68efc232a141/review/68fa50813c7e68efc232a17b 403
[2025-10-23T15:57:54.125Z] INFO: DELETE /product/68fa507e3c7e68efc232a141/review/68fa50813c7e68efc232a180 200
[2025-10-23T15:57:54.250Z] WARN: DELETE /product/68fa507e3c7e68efc232a141/review/68fa50813c7e68efc232a180 400
[2025-10-23T15:57:54.515Z] INFO: PUT /product/review/68fa50823c7e68efc232a188 200
[2025-10-23T15:57:54.752Z] WARN: PUT /product/review/68fa50823c7e68efc232a18f 404
[2025-10-23T15:57:55.061Z] INFO: DELETE /product/review/68fa50823c7e68efc232a193 200
[2025-10-23T15:57:55.365Z] WARN: DELETE /product/review/68fa50833c7e68efc232a19c 404
[2025-10-23T15:57:55.665Z] INFO: DELETE /product/review/68fa50833c7e68efc232a1a0 200
[2025-10-23T15:57:55.775Z] WARN: DELETE /product/review/68fa50833c7e68efc232a1a0 400
[2025-10-23T15:59:33.824Z] INFO: POST /product/68fa50e55669a9fe6efe6885/review 201
[2025-10-23T15:59:34.106Z] WARN: POST /product/68fa50e55669a9fe6efe6885/review 403
[2025-10-23T15:59:34.442Z] WARN: POST /product/68fa50e55669a9fe6efe6885/review 409
[2025-10-23T15:59:34.508Z] WARN: POST /product/68fa50e55669a9fe6efe6885/review 401
[2025-10-23T15:59:34.622Z] WARN: POST /product/68fa50e55669a9fe6efe6885/review 400
[2025-10-23T15:59:34.824Z] INFO: GET /product/68fa50e55669a9fe6efe6885/review 200
[2025-10-23T15:59:34.931Z] WARN: GET /product/68fa50e65669a9fe6efe68a6/review 404
[2025-10-23T15:59:35.224Z] INFO: PUT /product/68fa50e55669a9fe6efe6885/review/68fa50e75669a9fe6efe68ab 200
[2025-10-23T15:59:35.454Z] WARN: PUT /product/68fa50e55669a9fe6efe6885/review/68fa50e75669a9fe6efe68b0 403
[2025-10-23T15:59:35.562Z] WARN: PUT /product/68fa50e55669a9fe6efe6885/review/68fa50e75669a9fe6efe68b5 401
[2025-10-23T15:59:35.833Z] INFO: DELETE /product/68fa50e55669a9fe6efe6885/review/68fa50e75669a9fe6efe68b8 200
[2025-10-23T15:59:36.117Z] WARN: DELETE /product/68fa50e55669a9fe6efe6885/review/68fa50e75669a9fe6efe68bf 403
[2025-10-23T15:59:36.387Z] INFO: DELETE /product/68fa50e55669a9fe6efe6885/review/68fa50e85669a9fe6efe68c4 200
[2025-10-23T15:59:36.496Z] WARN: DELETE /product/68fa50e55669a9fe6efe6885/review/68fa50e85669a9fe6efe68c4 400
[2025-10-23T15:59:36.735Z] INFO: PUT /product/review/68fa50e85669a9fe6efe68cc 200
[2025-10-23T15:59:36.939Z] WARN: PUT /product/review/68fa50e85669a9fe6efe68d3 404
[2025-10-23T15:59:37.482Z] INFO: DELETE /product/review/68fa50e85669a9fe6efe68d7 200
[2025-10-23T15:59:37.815Z] WARN: DELETE /product/review/68fa50e95669a9fe6efe68e0 404
[2025-10-23T15:59:38.096Z] INFO: DELETE /product/review/68fa50e95669a9fe6efe68e4 200
[2025-10-23T15:59:38.203Z] WARN: DELETE /product/review/68fa50e95669a9fe6efe68e4 400
[2025-10-24T10:20:32.347Z] INFO: GET /api-docs 301
[2025-10-24T10:20:32.365Z] INFO: GET /api-docs/ 200
[2025-10-24T10:20:32.456Z] INFO: GET /api-docs/swagger-ui-init.js 200
[2025-10-24T10:20:32.462Z] INFO: GET /api-docs/swagger-ui.css 200
[2025-10-24T10:20:32.466Z] INFO: GET /api-docs/swagger-ui-standalone-preset.js 200
[2025-10-24T10:20:32.476Z] INFO: GET /api-docs/swagger-ui-bundle.js 200
[2025-10-24T10:20:32.805Z] INFO: GET /api-docs/favicon-32x32.png 200
[2025-10-24T10:22:56.954Z] INFO: GET /api-docs/ 304
[2025-10-24T10:22:56.982Z] INFO: GET /api-docs/swagger-ui.css 304
[2025-10-24T10:22:56.987Z] INFO: GET /api-docs/swagger-ui-init.js 200
[2025-10-24T10:22:56.988Z] INFO: GET /api-docs/swagger-ui-bundle.js 304
[2025-10-24T10:22:56.991Z] INFO: GET /api-docs/swagger-ui-standalone-preset.js 304
[2025-10-24T10:22:57.198Z] INFO: GET /api-docs/favicon-32x32.png 304
[2025-10-24T14:14:36.033Z] INFO: POST /auth/signup 201
[2025-10-24T14:15:19.302Z] INFO: POST /auth/login 200
[2025-10-24T14:15:37.536Z] WARN: POST /products 401
[2025-10-24T14:20:13.309Z] WARN: POST /users 400
[2025-10-24T14:20:36.214Z] WARN: POST /users 400
[2025-10-24T14:20:45.541Z] WARN: POST /users 400
[2025-10-24T14:20:59.560Z] WARN: POST /users 400
[2025-10-24T14:22:52.711Z] WARN: POST /users 400
[2025-10-24T14:23:33.767Z] WARN: POST /auth/login 401
[2025-10-24T14:23:39.485Z] INFO: POST /auth/login 200
[2025-10-24T14:23:45.599Z] WARN: POST /products 401
[2025-10-24T14:23:47.164Z] WARN: POST /products 401
[2025-10-24T14:26:38.414Z] WARN: POST /users 400
[2025-10-24T14:34:28.908Z] WARN: POST /carts/ 400
[2025-10-24T15:45:52.440Z] WARN: POST /carts/ 400
[2025-10-24T15:46:04.395Z] WARN: POST /auth/login 401
[2025-10-24T15:46:12.270Z] INFO: POST /auth/signup 201
[2025-10-24T15:46:51.817Z] INFO: POST /auth/login 200
[2025-10-24T15:46:59.532Z] WARN: POST /carts/ 400
[2025-10-24T15:47:01.089Z] WARN: POST /carts/ 400
[2025-10-24T20:08:18.001Z] WARN: POST /carts/ 400
[2025-10-24T20:09:25.323Z] WARN: POST /carts/ 400
[2025-10-24T20:10:14.369Z] WARN: POST /product/68ee714494318506c5c60705/review 401
[2025-10-24T20:10:57.835Z] WARN: POST /product/68ee714494318506c5c60705/review 401
[2025-10-24T20:11:55.625Z] WARN: POST /carts/ 400
[2025-10-24T20:14:30.931Z] WARN: POST /carts/ 401
[2025-10-24T20:16:34.255Z] INFO: POST /auth/login 200
[2025-10-24T20:17:22.201Z] INFO: POST /carts/ 200
[2025-10-24T20:21:34.126Z] WARN: POST /orders/ 400
[2025-10-24T20:21:50.873Z] WARN: POST /orders/ 400
[2025-10-24T20:23:09.073Z] INFO: POST /orders/ 201
[2025-10-24T20:23:31.958Z] WARN: POST /orders/simulate-payment 401
[2025-10-24T20:23:40.628Z] WARN: POST /orders/simulate-payment 404
[2025-10-24T20:24:10.055Z] INFO: POST /orders/simulate-payment 200
[2025-10-24T21:01:57.435Z] INFO: POST /carts/ 200
[2025-10-24T21:02:06.625Z] WARN: POST /orders/ 500
[2025-10-24T21:08:00.762Z] WARN: POST /orders/ 500
[2025-10-24T21:10:53.436Z] INFO: POST /orders/ 201
